<?xml version="1.0" encoding="UTF-8"?>
<!-- Generated by org.testng.reporters.JUnitReportReporter -->
<testsuite hostname="CSE1805568" failures="0" tests="1" name="com.runner.OpenCartRunner" time="36.887" errors="0" timestamp="2022-03-23T00:38:29 IST" skipped="0">
  <testcase classname="com.runner.OpenCartRunner" name="Scenario" time="36.887"/>
  <system-out/>
</testsuite> <!-- com.runner.OpenCartRunner -->
